# JRE version: Java(TM) SE Runtime Environment (8.0_144-b01) (build 1.8.0_144-b01)
# Java VM: Java HotSpot(TM) 64-Bit Server VM (25.144-b01 mixed mode windows-amd64 compressed oops)
Heap:
 PSYoungGen      total 260608K, used 4196K [0x00000000d6100000, 0x00000000e7680000, 0x0000000100000000)
  eden space 245248K, 1% used [0x00000000d6100000,0x00000000d6519198,0x00000000e5080000)
  from space 15360K, 0% used [0x00000000e6780000,0x00000000e6780000,0x00000000e7680000)
  to   space 18944K, 0% used [0x00000000e5180000,0x00000000e5180000,0x00000000e6400000)
 ParOldGen       total 83968K, used 45388K [0x0000000082200000, 0x0000000087400000, 0x00000000d6100000)
  object space 83968K, 54% used [0x0000000082200000,0x0000000084e53228,0x0000000087400000)
 Metaspace       used 51583K, capacity 53963K, committed 55808K, reserved 1099776K
  class space    used 7120K, capacity 7549K, committed 7936K, reserved 1048576K
GC Heap History (10 events):
Event: 186.218 GC heap before
{Heap before GC invocations=12 (full 2):
 PSYoungGen      total 211968K, used 211948K [0x00000000d6100000, 0x00000000e7680000, 0x0000000100000000)
  eden space 198656K, 100% used [0x00000000d6100000,0x00000000e2300000,0x00000000e2300000)
  from space 13312K, 99% used [0x00000000e2300000,0x00000000e2ffb198,0x00000000e3000000)
  to   space 15360K, 0% used [0x00000000e6780000,0x00000000e6780000,0x00000000e7680000)
 ParOldGen       total 83968K, used 20441K [0x0000000082200000, 0x0000000087400000, 0x00000000d6100000)
  object space 83968K, 24% used [0x0000000082200000,0x00000000835f6768,0x0000000087400000)
 Metaspace       used 49128K, capacity 51659K, committed 51840K, reserved 1093632K
  class space    used 6757K, capacity 7209K, committed 7296K, reserved 1048576K
Event: 186.265 GC heap after
Heap after GC invocations=12 (full 2):
 PSYoungGen      total 260608K, used 15353K [0x00000000d6100000, 0x00000000e7680000, 0x0000000100000000)
  eden space 245248K, 0% used [0x00000000d6100000,0x00000000d6100000,0x00000000e5080000)
  from space 15360K, 99% used [0x00000000e6780000,0x00000000e767e4a0,0x00000000e7680000)
  to   space 18944K, 0% used [0x00000000e5180000,0x00000000e5180000,0x00000000e6400000)
 ParOldGen       total 83968K, used 26217K [0x0000000082200000, 0x0000000087400000, 0x00000000d6100000)
  object space 83968K, 31% used [0x0000000082200000,0x0000000083b9a6a0,0x0000000087400000)
 Metaspace       used 49128K, capacity 51659K, committed 51840K, reserved 1093632K
  class space    used 6757K, capacity 7209K, committed 7296K, reserved 1048576K
}
Event: 188.467 GC heap before
{Heap before GC invocations=13 (full 2):
 PSYoungGen      total 260608K, used 134681K [0x00000000d6100000, 0x00000000e7680000, 0x0000000100000000)
  eden space 245248K, 48% used [0x00000000d6100000,0x00000000dd588088,0x00000000e5080000)
  from space 15360K, 99% used [0x00000000e6780000,0x00000000e767e4a0,0x00000000e7680000)
  to   space 18944K, 0% used [0x00000000e5180000,0x00000000e5180000,0x00000000e6400000)
 ParOldGen       total 83968K, used 26217K [0x0000000082200000, 0x0000000087400000, 0x00000000d6100000)
  object space 83968K, 31% used [0x0000000082200000,0x0000000083b9a6a0,0x0000000087400000)
 Metaspace       used 52321K, capacity 55557K, committed 55680K, reserved 1099776K
  class space    used 7285K, capacity 7806K, committed 7808K, reserved 1048576K
Event: 188.628 GC heap after
Heap after GC invocations=13 (full 2):
 PSYoungGen      total 264192K, used 18930K [0x00000000d6100000, 0x00000000e7680000, 0x0000000100000000)
  eden space 245248K, 0% used [0x00000000d6100000,0x00000000d6100000,0x00000000e5080000)
  from space 18944K, 99% used [0x00000000e5180000,0x00000000e63fcb10,0x00000000e6400000)
  to   space 15360K, 0% used [0x00000000e6780000,0x00000000e6780000,0x00000000e7680000)
 ParOldGen       total 83968K, used 44633K [0x0000000082200000, 0x0000000087400000, 0x00000000d6100000)
  object space 83968K, 53% used [0x0000000082200000,0x0000000084d96638,0x0000000087400000)
 Metaspace       used 52321K, capacity 55557K, committed 55680K, reserved 1099776K
  class space    used 7285K, capacity 7806K, committed 7808K, reserved 1048576K
}
Event: 188.629 GC heap before
{Heap before GC invocations=14 (full 3):
 PSYoungGen      total 264192K, used 18930K [0x00000000d6100000, 0x00000000e7680000, 0x0000000100000000)
  eden space 245248K, 0% used [0x00000000d6100000,0x00000000d6100000,0x00000000e5080000)
  from space 18944K, 99% used [0x00000000e5180000,0x00000000e63fcb10,0x00000000e6400000)
  to   space 15360K, 0% used [0x00000000e6780000,0x00000000e6780000,0x00000000e7680000)
 ParOldGen       total 83968K, used 44633K [0x0000000082200000, 0x0000000087400000, 0x00000000d6100000)
  object space 83968K, 53% used [0x0000000082200000,0x0000000084d96638,0x0000000087400000)
 Metaspace       used 52321K, capacity 55557K, committed 55680K, reserved 1099776K
  class space    used 7285K, capacity 7806K, committed 7808K, reserved 1048576K
Event: 189.249 GC heap after
Heap after GC invocations=14 (full 3):
 PSYoungGen      total 264192K, used 0K [0x00000000d6100000, 0x00000000e7680000, 0x0000000100000000)
  eden space 245248K, 0% used [0x00000000d6100000,0x00000000d6100000,0x00000000e5080000)
  from space 18944K, 0% used [0x00000000e5180000,0x00000000e5180000,0x00000000e6400000)
  to   space 15360K, 0% used [0x00000000e6780000,0x00000000e6780000,0x00000000e7680000)
 ParOldGen       total 83968K, used 49684K [0x0000000082200000, 0x0000000087400000, 0x00000000d6100000)
  object space 83968K, 59% used [0x0000000082200000,0x00000000852853e8,0x0000000087400000)
 Metaspace       used 51985K, capacity 54581K, committed 55680K, reserved 1099776K
  class space    used 7181K, capacity 7630K, committed 7808K, reserved 1048576K
}
Event: 189.249 GC heap before
{Heap before GC invocations=15 (full 3):
 PSYoungGen      total 264192K, used 0K [0x00000000d6100000, 0x00000000e7680000, 0x0000000100000000)
  eden space 245248K, 0% used [0x00000000d6100000,0x00000000d6100000,0x00000000e5080000)
  from space 18944K, 0% used [0x00000000e5180000,0x00000000e5180000,0x00000000e6400000)
  to   space 15360K, 0% used [0x00000000e6780000,0x00000000e6780000,0x00000000e7680000)
 ParOldGen       total 83968K, used 49684K [0x0000000082200000, 0x0000000087400000, 0x00000000d6100000)
  object space 83968K, 59% used [0x0000000082200000,0x00000000852853e8,0x0000000087400000)
 Metaspace       used 51985K, capacity 54581K, committed 55680K, reserved 1099776K
  class space    used 7181K, capacity 7630K, committed 7808K, reserved 1048576K
Event: 189.254 GC heap after
Heap after GC invocations=15 (full 3):
 PSYoungGen      total 260608K, used 0K [0x00000000d6100000, 0x00000000e7680000, 0x0000000100000000)
  eden space 245248K, 0% used [0x00000000d6100000,0x00000000d6100000,0x00000000e5080000)
  from space 15360K, 0% used [0x00000000e6780000,0x00000000e6780000,0x00000000e7680000)
  to   space 18944K, 0% used [0x00000000e5180000,0x00000000e5180000,0x00000000e6400000)
 ParOldGen       total 83968K, used 49684K [0x0000000082200000, 0x0000000087400000, 0x00000000d6100000)
  object space 83968K, 59% used [0x0000000082200000,0x00000000852853e8,0x0000000087400000)
 Metaspace       used 51985K, capacity 54581K, committed 55680K, reserved 1099776K
  class space    used 7181K, capacity 7630K, committed 7808K, reserved 1048576K
}
Event: 189.254 GC heap before
{Heap before GC invocations=16 (full 4):
 PSYoungGen      total 260608K, used 0K [0x00000000d6100000, 0x00000000e7680000, 0x0000000100000000)
  eden space 245248K, 0% used [0x00000000d6100000,0x00000000d6100000,0x00000000e5080000)
  from space 15360K, 0% used [0x00000000e6780000,0x00000000e6780000,0x00000000e7680000)
  to   space 18944K, 0% used [0x00000000e5180000,0x00000000e5180000,0x00000000e6400000)
 ParOldGen       total 83968K, used 49684K [0x0000000082200000, 0x0000000087400000, 0x00000000d6100000)
  object space 83968K, 59% used [0x0000000082200000,0x00000000852853e8,0x0000000087400000)
 Metaspace       used 51985K, capacity 54581K, committed 55680K, reserved 1099776K
  class space    used 7181K, capacity 7630K, committed 7808K, reserved 1048576K
Event: 189.575 GC heap after
Heap after GC invocations=16 (full 4):
 PSYoungGen      total 260608K, used 0K [0x00000000d6100000, 0x00000000e7680000, 0x0000000100000000)
  eden space 245248K, 0% used [0x00000000d6100000,0x00000000d6100000,0x00000000e5080000)
  from space 15360K, 0% used [0x00000000e6780000,0x00000000e6780000,0x00000000e7680000)
  to   space 18944K, 0% used [0x00000000e5180000,0x00000000e5180000,0x00000000e6400000)
 ParOldGen       total 83968K, used 45388K [0x0000000082200000, 0x0000000087400000, 0x00000000d6100000)
  object space 83968K, 54% used [0x0000000082200000,0x0000000084e53228,0x0000000087400000)
 Metaspace       used 51580K, capacity 53931K, committed 55680K, reserved 1099776K
  class space    used 7119K, capacity 7517K, committed 7808K, reserved 1048576K
}

